2023-10-17T15:18:58.445Z error: Error: Request URL:/api/users  Body:{"name":"Victor Lucas Mazzotti","mail":"mazzotti.vlm@gmail.com"} 
error 
duplicate key value violates unique constraint "mail_unique" 
error: duplicate key value violates unique constraint "mail_unique"
    at Parser.parseErrorMessage (/home/mzztt/Documents/Projects/Meg.BackEnd/node_modules/pg-protocol/src/parser.ts:369:69)
    at Parser.handlePacket (/home/mzztt/Documents/Projects/Meg.BackEnd/node_modules/pg-protocol/src/parser.ts:188:21)
    at Parser.parse (/home/mzztt/Documents/Projects/Meg.BackEnd/node_modules/pg-protocol/src/parser.ts:103:30)
    at Socket.<anonymous> (/home/mzztt/Documents/Projects/Meg.BackEnd/node_modules/pg-protocol/src/index.ts:7:48)
    at Socket.emit (node:events:517:28)
    at Socket.emit (node:domain:489:12)
    at addChunk (node:internal/streams/readable:335:12)
    at readableAddChunk (node:internal/streams/readable:308:9)
    at Socket.Readable.push (node:internal/streams/readable:245:10)
    at TCP.onStreamRead (node:internal/stream_base_commons:190:23)
2023-10-17T15:23:18.795Z error: Error:22129b48-4648-41b8-8a72-d74b3ea44011 Request URL:/api/users  Body:{"name":"Victor Lucas Mazzotti","mail":"mazzotti.vlm@gmail.com"} 
error 
duplicate key value violates unique constraint "mail_unique" 
error: duplicate key value violates unique constraint "mail_unique"
    at Parser.parseErrorMessage (/home/mzztt/Documents/Projects/Meg.BackEnd/node_modules/pg-protocol/src/parser.ts:369:69)
    at Parser.handlePacket (/home/mzztt/Documents/Projects/Meg.BackEnd/node_modules/pg-protocol/src/parser.ts:188:21)
    at Parser.parse (/home/mzztt/Documents/Projects/Meg.BackEnd/node_modules/pg-protocol/src/parser.ts:103:30)
    at Socket.<anonymous> (/home/mzztt/Documents/Projects/Meg.BackEnd/node_modules/pg-protocol/src/index.ts:7:48)
    at Socket.emit (node:events:517:28)
    at Socket.emit (node:domain:489:12)
    at addChunk (node:internal/streams/readable:335:12)
    at readableAddChunk (node:internal/streams/readable:308:9)
    at Socket.Readable.push (node:internal/streams/readable:245:10)
    at TCP.onStreamRead (node:internal/stream_base_commons:190:23)
2023-10-17T16:10:05.094Z error: Error:4843f7d8-ff01-40bb-a4e5-494f5d55dcc6 Request URL:/api/users  Body:{"name":"Victor Lucas Mazzotti","mail":"mazzotti.vlm@gmail.com"} 
error 
duplicate key value violates unique constraint "mail_unique" 
error: duplicate key value violates unique constraint "mail_unique"
    at Parser.parseErrorMessage (/home/mzztt/Documents/Projects/Meg.BackEnd/node_modules/pg-protocol/src/parser.ts:369:69)
    at Parser.handlePacket (/home/mzztt/Documents/Projects/Meg.BackEnd/node_modules/pg-protocol/src/parser.ts:188:21)
    at Parser.parse (/home/mzztt/Documents/Projects/Meg.BackEnd/node_modules/pg-protocol/src/parser.ts:103:30)
    at Socket.<anonymous> (/home/mzztt/Documents/Projects/Meg.BackEnd/node_modules/pg-protocol/src/index.ts:7:48)
    at Socket.emit (node:events:517:28)
    at Socket.emit (node:domain:489:12)
    at addChunk (node:internal/streams/readable:335:12)
    at readableAddChunk (node:internal/streams/readable:308:9)
    at Socket.Readable.push (node:internal/streams/readable:245:10)
    at TCP.onStreamRead (node:internal/stream_base_commons:190:23)
2023-10-17T18:29:10.656Z error: Error:e29b8794-a1a0-434f-acf6-db2e9fad48e5 Request URL:/api/users  Body:{"name":"Victor Lucas Mazzotti","mail":"mazzotti.vlm@gmail.com"} 
error 
duplicate key value violates unique constraint "mail_unique" 
error: duplicate key value violates unique constraint "mail_unique"
    at Parser.parseErrorMessage (/home/mzztt/Documents/Projects/Meg.BackEnd/node_modules/pg-protocol/src/parser.ts:369:69)
    at Parser.handlePacket (/home/mzztt/Documents/Projects/Meg.BackEnd/node_modules/pg-protocol/src/parser.ts:188:21)
    at Parser.parse (/home/mzztt/Documents/Projects/Meg.BackEnd/node_modules/pg-protocol/src/parser.ts:103:30)
    at Socket.<anonymous> (/home/mzztt/Documents/Projects/Meg.BackEnd/node_modules/pg-protocol/src/index.ts:7:48)
    at Socket.emit (node:events:517:28)
    at Socket.emit (node:domain:489:12)
    at addChunk (node:internal/streams/readable:335:12)
    at readableAddChunk (node:internal/streams/readable:308:9)
    at Socket.Readable.push (node:internal/streams/readable:245:10)
    at TCP.onStreamRead (node:internal/stream_base_commons:190:23)
2023-10-17T19:50:33.823Z error: Error:942a5bc4-42fe-4ca8-acff-a8e0a0e3b7b5 Request URL:/api/users  Body:{"name":"Victor Lucas Mazzotti","mail":"mazzotti.vlm@gmail.com"} 
error 
duplicate key value violates unique constraint "mail_unique" 
error: duplicate key value violates unique constraint "mail_unique"
    at Parser.parseErrorMessage (/home/mzztt/Documents/Projects/Meg.BackEnd/node_modules/pg-protocol/src/parser.ts:369:69)
    at Parser.handlePacket (/home/mzztt/Documents/Projects/Meg.BackEnd/node_modules/pg-protocol/src/parser.ts:188:21)
    at Parser.parse (/home/mzztt/Documents/Projects/Meg.BackEnd/node_modules/pg-protocol/src/parser.ts:103:30)
    at Socket.<anonymous> (/home/mzztt/Documents/Projects/Meg.BackEnd/node_modules/pg-protocol/src/index.ts:7:48)
    at Socket.emit (node:events:517:28)
    at Socket.emit (node:domain:489:12)
    at addChunk (node:internal/streams/readable:335:12)
    at readableAddChunk (node:internal/streams/readable:308:9)
    at Socket.Readable.push (node:internal/streams/readable:245:10)
    at TCP.onStreamRead (node:internal/stream_base_commons:190:23)
2023-10-18T00:40:33.830Z error: Error:37d9e928-7b8f-4c54-9e6e-6167a91c55fd Request URL:/api/users  Body:{"name":"Victor Lucas Mazzotti","mail":"mazzotti.vlm@gmail.com","phone":"19989898224","gender":"Male","active":true} 
error 
INSERT has more target columns than expressions 
error: INSERT has more target columns than expressions
    at Parser.parseErrorMessage (/home/mzztt/Documents/Projects/Meg.BackEnd/node_modules/pg-protocol/src/parser.ts:369:69)
    at Parser.handlePacket (/home/mzztt/Documents/Projects/Meg.BackEnd/node_modules/pg-protocol/src/parser.ts:188:21)
    at Parser.parse (/home/mzztt/Documents/Projects/Meg.BackEnd/node_modules/pg-protocol/src/parser.ts:103:30)
    at Socket.<anonymous> (/home/mzztt/Documents/Projects/Meg.BackEnd/node_modules/pg-protocol/src/index.ts:7:48)
    at Socket.emit (node:events:517:28)
    at Socket.emit (node:domain:489:12)
    at addChunk (node:internal/streams/readable:335:12)
    at readableAddChunk (node:internal/streams/readable:308:9)
    at Socket.Readable.push (node:internal/streams/readable:245:10)
    at TCP.onStreamRead (node:internal/stream_base_commons:190:23)
2023-10-18T11:13:27.624Z error: Error:c777572e-2ef4-4701-a7b0-6f46b9b950f6 Request URL:/api/users  Body:{"name":"Victor Lucas Mazzotti","mail":"mazzotti.vlm@gmail.com","phone":"19989898224","gender":"Male","active":true} 
error 
duplicate key value violates unique constraint "users_mail_key" 
error: duplicate key value violates unique constraint "users_mail_key"
    at Parser.parseErrorMessage (/home/mzztt/Documents/Projects/Meg.BackEnd/node_modules/pg-protocol/src/parser.ts:369:69)
    at Parser.handlePacket (/home/mzztt/Documents/Projects/Meg.BackEnd/node_modules/pg-protocol/src/parser.ts:188:21)
    at Parser.parse (/home/mzztt/Documents/Projects/Meg.BackEnd/node_modules/pg-protocol/src/parser.ts:103:30)
    at Socket.<anonymous> (/home/mzztt/Documents/Projects/Meg.BackEnd/node_modules/pg-protocol/src/index.ts:7:48)
    at Socket.emit (node:events:517:28)
    at Socket.emit (node:domain:489:12)
    at addChunk (node:internal/streams/readable:335:12)
    at readableAddChunk (node:internal/streams/readable:308:9)
    at Socket.Readable.push (node:internal/streams/readable:245:10)
    at TCP.onStreamRead (node:internal/stream_base_commons:190:23)
